TN:
SF:src/modules/appointments/services/CreateAppointmentService.ts
FN:13,(anonymous_18)
FN:14,CreateAppointmentService
FN:19,(anonymous_20)
FNF:3
FNH:3
FNDA:1,(anonymous_18)
FNDA:3,CreateAppointmentService
FNDA:4,(anonymous_20)
DA:1,1
DA:2,1
DA:3,1
DA:13,1
DA:16,3
DA:19,4
DA:20,4
DA:21,1
DA:24,3
DA:26,3
DA:30,3
DA:31,1
DA:35,2
DA:40,2
DA:42,1
DA:44,1
LF:16
LH:16
BRDA:20,0,0,1
BRDA:20,0,1,3
BRDA:30,1,0,1
BRDA:30,1,1,2
BRF:4
BRH:4
end_of_record
TN:
SF:src/modules/users/services/AuthenticateService.ts
FN:20,(anonymous_18)
FN:21,AuthenticateService
FN:28,(anonymous_20)
FNF:3
FNH:3
FNDA:1,(anonymous_18)
FNDA:3,AuthenticateService
FNDA:3,(anonymous_20)
DA:1,1
DA:2,1
DA:3,1
DA:4,1
DA:20,1
DA:23,3
DA:25,3
DA:28,3
DA:29,3
DA:31,3
DA:32,1
DA:35,2
DA:39,2
DA:40,1
DA:43,1
DA:44,1
DA:49,1
DA:51,1
DA:53,1
LF:19
LH:19
BRDA:29,0,0,3
BRDA:31,1,0,1
BRDA:31,1,1,2
BRDA:39,2,0,1
BRDA:39,2,1,1
BRF:5
BRH:5
end_of_record
TN:
SF:src/modules/users/services/CreateUserService.ts
FN:14,(anonymous_18)
FN:15,CreateUserService
FN:22,(anonymous_20)
FNF:3
FNH:3
FNDA:2,(anonymous_18)
FNDA:4,CreateUserService
FNDA:5,(anonymous_20)
DA:1,2
DA:2,2
DA:14,2
DA:17,4
DA:19,4
DA:22,5
DA:23,5
DA:25,5
DA:26,1
DA:29,4
DA:30,4
DA:36,4
DA:38,2
DA:40,2
LF:14
LH:14
BRDA:23,0,0,5
BRDA:25,1,0,1
BRDA:25,1,1,4
BRF:3
BRH:3
end_of_record
TN:
SF:src/modules/users/services/ResetPasswordService.ts
FN:9,(anonymous_18)
FN:10,ResetPasswordService
FN:19,(anonymous_20)
FNF:3
FNH:3
FNDA:1,(anonymous_18)
FNDA:5,ResetPasswordService
FNDA:5,(anonymous_20)
DA:1,1
DA:2,1
DA:3,1
DA:9,1
DA:12,5
DA:14,5
DA:16,5
DA:19,1
DA:20,5
DA:21,5
DA:22,1
DA:25,4
DA:27,4
DA:28,1
DA:31,3
DA:32,1
DA:34,2
DA:36,4
DA:38,1
DA:40,1
LF:20
LH:20
BRDA:20,0,0,5
BRDA:21,1,0,1
BRDA:21,1,1,4
BRDA:27,2,0,1
BRDA:27,2,1,3
BRDA:31,3,0,1
BRDA:31,3,1,2
BRF:7
BRH:7
end_of_record
TN:
SF:src/modules/users/services/SendForgotPasswordEmailService.ts
FN:8,(anonymous_18)
FN:9,SendForgotPasswordEmailService
FN:18,(anonymous_20)
FNF:3
FNH:0
FNDA:0,(anonymous_18)
FNDA:0,SendForgotPasswordEmailService
FNDA:0,(anonymous_20)
DA:1,0
DA:2,0
DA:8,0
DA:11,0
DA:13,0
DA:15,0
DA:18,0
DA:19,0
DA:21,0
DA:22,0
DA:25,0
DA:27,0
DA:29,0
DA:31,0
LF:14
LH:0
BRDA:19,0,0,0
BRDA:21,1,0,0
BRDA:21,1,1,0
BRF:3
BRH:0
end_of_record
TN:
SF:src/modules/users/services/UpdateAvatarService.ts
FN:16,(anonymous_18)
FN:17,UpdateAvatarService
FN:24,(anonymous_20)
FNF:3
FNH:3
FNDA:1,(anonymous_18)
FNDA:4,UpdateAvatarService
FNDA:5,(anonymous_20)
DA:1,1
DA:2,1
DA:13,1
DA:16,1
DA:19,4
DA:21,4
DA:24,1
DA:25,5
DA:26,5
DA:27,5
DA:29,5
DA:31,5
DA:32,1
DA:35,4
DA:36,1
DA:39,5
DA:40,2
DA:43,3
DA:45,3
DA:46,6
DA:48,3
DA:50,1
DA:51,1
LF:23
LH:23
BRDA:29,0,0,5
BRDA:29,0,1,3
BRDA:31,1,0,1
BRDA:31,1,1,4
BRDA:35,2,0,1
BRDA:35,2,1,3
BRDA:39,3,0,2
BRDA:39,3,1,1
BRF:8
BRH:8
end_of_record
