TN:
SF:src/modules/appointments/services/CreateAppointmentService.ts
FN:14,(anonymous_18)
FN:15,CreateAppointmentService
FN:20,(anonymous_20)
FNF:3
FNH:3
FNDA:1,(anonymous_18)
FNDA:5,CreateAppointmentService
FNDA:7,(anonymous_20)
DA:1,1
DA:2,1
DA:3,1
DA:14,1
DA:17,5
DA:20,1
DA:21,7
DA:22,7
DA:23,7
DA:25,7
DA:26,1
DA:29,6
DA:30,6
DA:32,6
DA:33,2
DA:36,4
DA:37,4
DA:38,4
DA:40,4
DA:44,1
DA:49,3
DA:53,3
DA:54,1
DA:58,2
DA:64,2
DA:66,1
DA:68,1
LF:27
LH:27
BRDA:25,0,0,1
BRDA:25,0,1,6
BRDA:32,1,0,2
BRDA:32,1,1,4
BRDA:40,2,0,1
BRDA:40,2,1,3
BRDA:41,3,0,4
BRDA:41,3,1,4
BRDA:53,4,0,1
BRDA:53,4,1,2
BRF:10
BRH:10
end_of_record
TN:
SF:src/modules/appointments/services/ListProviderAppointmentsService.ts
FN:13,(anonymous_17)
FN:14,ListProviderAppointmentsService
FN:19,(anonymous_19)
FNF:3
FNH:3
FNDA:1,(anonymous_17)
FNDA:1,ListProviderAppointmentsService
FNDA:1,(anonymous_19)
DA:1,1
DA:13,1
DA:16,1
DA:19,1
DA:20,1
DA:21,1
DA:22,1
DA:23,1
DA:25,1
DA:34,1
DA:36,1
DA:38,1
LF:12
LH:12
BRDA:25,0,0,1
BRF:1
BRH:1
end_of_record
TN:
SF:src/modules/appointments/services/ListProviderAvailableDatesService.ts
FN:22,(anonymous_17)
FN:23,ListProviderAvailableDatesService
FN:28,(anonymous_19)
FN:45,(anonymous_22)
FN:49,(anonymous_23)
FN:57,(anonymous_24)
FN:64,(anonymous_25)
FNF:7
FNH:7
FNDA:1,(anonymous_17)
FNDA:1,ListProviderAvailableDatesService
FNDA:1,(anonymous_19)
FNDA:31,(anonymous_22)
FNDA:31,(anonymous_23)
FNDA:11,(anonymous_24)
FNDA:31,(anonymous_25)
DA:1,1
DA:2,1
DA:22,1
DA:25,1
DA:28,1
DA:29,1
DA:30,1
DA:31,1
DA:33,1
DA:41,1
DA:43,1
DA:45,31
DA:48,1
DA:50,31
DA:51,31
DA:52,31
DA:57,1
DA:58,11
DA:59,11
DA:62,1
DA:64,1
DA:65,31
DA:66,31
DA:68,31
DA:70,31
DA:73,1
DA:75,1
LF:27
LH:27
BRDA:33,0,0,1
BRDA:70,1,0,31
BRDA:70,1,1,30
BRF:3
BRH:3
end_of_record
TN:
SF:src/modules/appointments/services/ListProviderAvailableHoursService.ts
FN:22,(anonymous_17)
FN:23,ListProviderAvailableHoursService
FN:28,(anonymous_19)
FN:48,(anonymous_22)
FN:52,(anonymous_23)
FN:60,(anonymous_24)
FN:66,(anonymous_25)
FNF:7
FNH:7
FNDA:1,(anonymous_17)
FNDA:2,ListProviderAvailableHoursService
FNDA:2,(anonymous_19)
FNDA:20,(anonymous_22)
FNDA:20,(anonymous_23)
FNDA:20,(anonymous_24)
FNDA:20,(anonymous_25)
DA:1,1
DA:2,1
DA:22,1
DA:25,2
DA:28,1
DA:29,2
DA:30,2
DA:31,2
DA:32,2
DA:34,2
DA:43,2
DA:44,2
DA:46,2
DA:48,20
DA:51,2
DA:53,20
DA:54,20
DA:55,20
DA:60,2
DA:61,20
DA:64,2
DA:66,2
DA:67,20
DA:68,20
DA:70,20
DA:71,20
DA:74,1
DA:76,1
LF:28
LH:28
BRDA:34,0,0,2
BRDA:70,1,0,20
BRDA:70,1,1,14
BRF:3
BRH:3
end_of_record
TN:
SF:src/modules/appointments/services/ListProvidersService.ts
FN:10,(anonymous_17)
FN:11,ListProvidersService
FN:16,(anonymous_19)
FNF:3
FNH:3
FNDA:1,(anonymous_17)
FNDA:1,ListProvidersService
FNDA:1,(anonymous_19)
DA:1,1
DA:10,1
DA:13,1
DA:16,1
DA:17,1
DA:21,1
DA:23,1
LF:7
LH:7
BRF:0
BRH:0
end_of_record
TN:
SF:src/modules/users/services/AuthenticateService.ts
FN:20,(anonymous_18)
FN:21,AuthenticateService
FN:28,(anonymous_20)
FNF:3
FNH:3
FNDA:1,(anonymous_18)
FNDA:3,AuthenticateService
FNDA:3,(anonymous_20)
DA:1,1
DA:2,1
DA:3,1
DA:4,1
DA:20,1
DA:23,3
DA:25,3
DA:28,3
DA:29,3
DA:31,3
DA:32,1
DA:35,2
DA:39,2
DA:40,1
DA:43,1
DA:44,1
DA:49,1
DA:51,1
DA:53,1
LF:19
LH:19
BRDA:29,0,0,3
BRDA:31,1,0,1
BRDA:31,1,1,2
BRDA:39,2,0,1
BRDA:39,2,1,1
BRF:5
BRH:5
end_of_record
TN:
SF:src/modules/users/services/CreateUserService.ts
FN:14,(anonymous_18)
FN:15,CreateUserService
FN:22,(anonymous_20)
FNF:3
FNH:3
FNDA:2,(anonymous_18)
FNDA:5,CreateUserService
FNDA:5,(anonymous_20)
DA:1,2
DA:2,2
DA:14,2
DA:17,5
DA:19,5
DA:22,5
DA:23,5
DA:25,5
DA:26,1
DA:29,4
DA:30,4
DA:36,4
DA:38,2
DA:40,2
LF:14
LH:14
BRDA:23,0,0,5
BRDA:25,1,0,1
BRDA:25,1,1,4
BRF:3
BRH:3
end_of_record
TN:
SF:src/modules/users/services/ResetPasswordService.ts
FN:9,(anonymous_18)
FN:10,ResetPasswordService
FN:19,(anonymous_20)
FNF:3
FNH:3
FNDA:1,(anonymous_18)
FNDA:5,ResetPasswordService
FNDA:5,(anonymous_20)
DA:1,1
DA:2,1
DA:3,1
DA:9,1
DA:12,5
DA:14,5
DA:16,5
DA:19,1
DA:20,5
DA:21,5
DA:22,1
DA:25,4
DA:27,4
DA:28,1
DA:31,3
DA:32,1
DA:34,2
DA:36,4
DA:38,1
DA:40,1
LF:20
LH:20
BRDA:20,0,0,5
BRDA:21,1,0,1
BRDA:21,1,1,4
BRDA:27,2,0,1
BRDA:27,2,1,3
BRDA:31,3,0,1
BRDA:31,3,1,2
BRF:7
BRH:7
end_of_record
TN:
SF:src/modules/users/services/SendForgotPasswordEmailService.ts
FN:9,(anonymous_18)
FN:10,SendForgotPasswordEmailService
FN:19,(anonymous_20)
FNF:3
FNH:3
FNDA:1,(anonymous_18)
FNDA:3,SendForgotPasswordEmailService
FNDA:3,(anonymous_20)
DA:1,1
DA:2,1
DA:3,1
DA:9,1
DA:12,3
DA:14,3
DA:16,3
DA:19,1
DA:20,3
DA:22,3
DA:23,1
DA:26,2
DA:28,2
DA:35,4
DA:51,1
DA:53,1
LF:16
LH:16
BRDA:20,0,0,3
BRDA:22,1,0,1
BRDA:22,1,1,2
BRF:3
BRH:3
end_of_record
TN:
SF:src/modules/users/services/ShowProfileService.ts
FN:7,(anonymous_18)
FN:8,ShowProfileService
FN:13,(anonymous_20)
FNF:3
FNH:3
FNDA:1,(anonymous_18)
FNDA:2,ShowProfileService
FNDA:2,(anonymous_20)
DA:1,1
DA:2,1
DA:7,1
DA:10,2
DA:13,1
DA:14,2
DA:16,2
DA:17,1
DA:20,1
DA:22,1
DA:24,1
LF:11
LH:11
BRDA:14,0,0,2
BRDA:16,1,0,1
BRDA:16,1,1,1
BRF:3
BRH:3
end_of_record
TN:
SF:src/modules/users/services/UpdateAvatarService.ts
FN:16,(anonymous_18)
FN:17,UpdateAvatarService
FN:24,(anonymous_20)
FNF:3
FNH:3
FNDA:1,(anonymous_18)
FNDA:4,UpdateAvatarService
FNDA:5,(anonymous_20)
DA:1,1
DA:2,1
DA:13,1
DA:16,1
DA:19,4
DA:21,4
DA:24,1
DA:25,5
DA:26,5
DA:27,5
DA:29,5
DA:31,5
DA:32,1
DA:35,4
DA:36,1
DA:39,5
DA:40,2
DA:43,3
DA:45,3
DA:46,6
DA:48,3
DA:50,1
DA:51,1
LF:23
LH:23
BRDA:29,0,0,5
BRDA:29,0,1,3
BRDA:31,1,0,1
BRDA:31,1,1,4
BRDA:35,2,0,1
BRDA:35,2,1,3
BRDA:39,3,0,2
BRDA:39,3,1,1
BRF:8
BRH:8
end_of_record
TN:
SF:src/modules/users/services/UpdateProfileService.ts
FN:16,(anonymous_18)
FN:17,UpdateProfileService
FN:24,(anonymous_20)
FNF:3
FNH:3
FNDA:1,(anonymous_18)
FNDA:5,UpdateProfileService
FNDA:5,(anonymous_20)
DA:1,1
DA:2,1
DA:16,1
DA:19,5
DA:21,5
DA:24,1
DA:25,5
DA:26,5
DA:27,5
DA:28,5
DA:29,5
DA:31,5
DA:33,5
DA:34,1
DA:37,4
DA:38,4
DA:40,5
DA:41,3
DA:42,4
DA:43,2
DA:45,2
DA:47,1
DA:50,2
DA:52,1
DA:54,1
LF:25
LH:25
BRDA:31,0,0,5
BRDA:31,0,1,2
BRDA:33,1,0,1
BRDA:33,1,1,4
BRDA:40,2,0,1
BRDA:40,2,1,3
BRDA:42,3,0,1
BRDA:42,3,1,2
BRDA:41,4,0,2
BRDA:41,4,1,1
BRF:10
BRH:10
end_of_record
